iter  0: a = 1.0000, b = 0.0000, c = 1.0000, |a|/|v| = 0.0000 cond(J) =      inf, |f(x)| = 35.4785
iter  1: a = 1.5708, b = 0.5321, c = 0.5219, |a|/|v| = 0.3093 cond(J) =  29.0443, |f(x)| = 31.1042
iter  2: a = 1.7387, b = 0.4040, c = 0.4568, |a|/|v| = 0.1199 cond(J) =   3.5256, |f(x)| = 28.7217
iter  3: a = 2.2340, b = 0.3829, c = 0.3053, |a|/|v| = 0.3308 cond(J) =   4.5121, |f(x)| = 23.8074
iter  4: a = 3.2275, b = 0.3952, c = 0.2243, |a|/|v| = 0.2784 cond(J) =   8.6499, |f(x)| = 15.6003
iter  5: a = 4.3347, b = 0.3974, c = 0.1752, |a|/|v| = 0.2029 cond(J) =  15.1732, |f(x)| = 7.5908
iter  6: a = 4.9352, b = 0.3992, c = 0.1536, |a|/|v| = 0.1001 cond(J) =  26.6621, |f(x)| = 4.8402
iter  7: a = 5.0716, b = 0.3994, c = 0.1498, |a|/|v| = 0.0166 cond(J) =  34.6922, |f(x)| = 4.7103
iter  8: a = 5.0828, b = 0.3994, c = 0.1495, |a|/|v| = 0.0012 cond(J) =  36.5422, |f(x)| = 4.7095
iter  9: a = 5.0831, b = 0.3994, c = 0.1495, |a|/|v| = 0.0000 cond(J) =  36.6929, |f(x)| = 4.7095
iter 10: a = 5.0831, b = 0.3994, c = 0.1495, |a|/|v| = 0.0000 cond(J) =  36.6975, |f(x)| = 4.7095
iter 11: a = 5.0831, b = 0.3994, c = 0.1495, |a|/|v| = 0.0000 cond(J) =  36.6976, |f(x)| = 4.7095
NITER         = 11
NFEV          = 18
NJEV          = 12
NAEV          = 17
initial cost  = 1.258724737288e+03
final cost    = 2.217977560180e+01
final x       = (5.083101559156e+00, 3.994484109594e-01, 1.494898e-01)
final cond(J) = 3.669757713403e+01
