iter  0: A = 1.0000, lambda = 1.0000, b = 0.0000, cond(J) =      inf, |f(x)| = 100.8779
iter  1: A = 1.2692, lambda = 0.3924, b = 0.0443, cond(J) =  69.5973, |f(x)| = 97.1734
iter  2: A = 1.6749, lambda = 0.1685, b = 0.1072, cond(J) =  29.5220, |f(x)| = 88.6636
iter  3: A = 2.5579, lambda = 0.0544, b = 0.2552, cond(J) =  22.9334, |f(x)| = 42.7765
iter  4: A = 3.0167, lambda = 0.0472, b = 0.3704, cond(J) = 120.2912, |f(x)| = 23.0102
iter  5: A = 3.3590, lambda = 0.0455, b = 0.4321, cond(J) = 266.5620, |f(x)| = 16.0680
iter  6: A = 3.6552, lambda = 0.0479, b = 0.4426, cond(J) = 343.8946, |f(x)| = 14.6421
iter  7: A = 3.9546, lambda = 0.0532, b = 0.4897, cond(J) = 301.4985, |f(x)| = 13.5266
iter  8: A = 4.1421, lambda = 0.0633, b = 0.6783, cond(J) = 203.9164, |f(x)| = 12.3149
iter  9: A = 4.3752, lambda = 0.0800, b = 0.9228, cond(J) = 158.2267, |f(x)| = 11.2475
iter 10: A = 4.6371, lambda = 0.0891, b = 0.9588, cond(J) = 136.6189, |f(x)| = 10.5457
iter 11: A = 4.7684, lambda = 0.0937, b = 0.9860, cond(J) = 125.4740, |f(x)| = 10.4753
iter 12: A = 4.7977, lambda = 0.0948, b = 0.9917, cond(J) = 120.1098, |f(x)| = 10.4723
iter 13: A = 4.8006, lambda = 0.0949, b = 0.9924, cond(J) = 118.9113, |f(x)| = 10.4723
iter 14: A = 4.8008, lambda = 0.0949, b = 0.9925, cond(J) = 118.7661, |f(x)| = 10.4723
iter 15: A = 4.8008, lambda = 0.0949, b = 0.9925, cond(J) = 118.7550, |f(x)| = 10.4723
iter 16: A = 4.8008, lambda = 0.0949, b = 0.9925, cond(J) = 118.7543, |f(x)| = 10.4723
iter 17: A = 4.8008, lambda = 0.0949, b = 0.9925, cond(J) = 118.7543, |f(x)| = 10.4723
iter 18: A = 4.8008, lambda = 0.0949, b = 0.9925, cond(J) = 118.7543, |f(x)| = 10.4723
summary from method 'trust-region/levenberg-marquardt'
number of iterations: 18
function evaluations: 25
Jacobian evaluations: 19
reason for stopping: small step size
initial |f(x)| = 100.877904
final   |f(x)| = 10.472268
chisq/dof = 1.1306
A      = 4.80085 +/- 0.17652
lambda = 0.09488 +/- 0.00527
b      = 0.99249 +/- 0.04419
status = success
